c:\users\michael\onedrive\documents\important documents\personal\projects\3d_engine\graphics\x64\debug\graphics.pch
c:\users\michael\onedrive\documents\important documents\personal\projects\3d_engine\x64\debug\graphics.pdb
c:\users\michael\onedrive\documents\important documents\personal\projects\3d_engine\x64\debug\graphics.idb
c:\users\michael\onedrive\documents\important documents\personal\projects\3d_engine\graphics\x64\debug\animationclip.obj
c:\users\michael\onedrive\documents\important documents\personal\projects\3d_engine\graphics\x64\debug\animationcontroller.obj
c:\users\michael\onedrive\documents\important documents\personal\projects\3d_engine\graphics\x64\debug\boneanimation.obj
c:\users\michael\onedrive\documents\important documents\personal\projects\3d_engine\graphics\x64\debug\geometryshader.obj
c:\users\michael\onedrive\documents\important documents\personal\projects\3d_engine\graphics\x64\debug\blendstate.obj
c:\users\michael\onedrive\documents\important documents\personal\projects\3d_engine\graphics\x64\debug\camera.obj
c:\users\michael\onedrive\documents\important documents\personal\projects\3d_engine\graphics\x64\debug\constantbuffer.obj
c:\users\michael\onedrive\documents\important documents\personal\projects\3d_engine\graphics\x64\debug\depthmap.obj
c:\users\michael\onedrive\documents\important documents\personal\projects\3d_engine\graphics\x64\debug\graphicssystem.obj
c:\users\michael\onedrive\documents\important documents\personal\projects\3d_engine\graphics\x64\debug\heightmap.obj
c:\users\michael\onedrive\documents\important documents\personal\projects\3d_engine\graphics\x64\debug\mesh.obj
c:\users\michael\onedrive\documents\important documents\personal\projects\3d_engine\graphics\x64\debug\meshbuffer.obj
c:\users\michael\onedrive\documents\important documents\personal\projects\3d_engine\graphics\x64\debug\meshbuilder.obj
c:\users\michael\onedrive\documents\important documents\personal\projects\3d_engine\graphics\x64\debug\model.obj
c:\users\michael\onedrive\documents\important documents\personal\projects\3d_engine\graphics\x64\debug\pixelshader.obj
c:\users\michael\onedrive\documents\important documents\personal\projects\3d_engine\graphics\x64\debug\precompiled.obj
c:\users\michael\onedrive\documents\important documents\personal\projects\3d_engine\graphics\x64\debug\rendertarget.obj
c:\users\michael\onedrive\documents\important documents\personal\projects\3d_engine\graphics\x64\debug\sampler.obj
c:\users\michael\onedrive\documents\important documents\personal\projects\3d_engine\graphics\x64\debug\screenmeshbuffer.obj
c:\users\michael\onedrive\documents\important documents\personal\projects\3d_engine\graphics\x64\debug\simpledraw.obj
c:\users\michael\onedrive\documents\important documents\personal\projects\3d_engine\graphics\x64\debug\terrain.obj
c:\users\michael\onedrive\documents\important documents\personal\projects\3d_engine\graphics\x64\debug\texture.obj
c:\users\michael\onedrive\documents\important documents\personal\projects\3d_engine\graphics\x64\debug\vertexshader.obj
c:\users\michael\onedrive\documents\important documents\personal\projects\3d_engine\x64\debug\graphics.lib
c:\users\michael\onedrive\documents\important documents\personal\projects\3d_engine\graphics\x64\debug\graphics.tlog\cl.command.1.tlog
c:\users\michael\onedrive\documents\important documents\personal\projects\3d_engine\graphics\x64\debug\graphics.tlog\cl.read.1.tlog
c:\users\michael\onedrive\documents\important documents\personal\projects\3d_engine\graphics\x64\debug\graphics.tlog\cl.write.1.tlog
c:\users\michael\onedrive\documents\important documents\personal\projects\3d_engine\graphics\x64\debug\graphics.tlog\lib-link.read.1.tlog
c:\users\michael\onedrive\documents\important documents\personal\projects\3d_engine\graphics\x64\debug\graphics.tlog\lib-link.write.1.tlog
c:\users\michael\onedrive\documents\important documents\personal\projects\3d_engine\graphics\x64\debug\graphics.tlog\lib.command.1.tlog
